<?xml version="1.0" encoding="UTF-8"?>
<!-- Generated by org.testng.reporters.JUnitReportReporter -->
<testsuite skipped="1" hostname="Namana-L" name="com.stta.SuiteOne.GetTitleofHomePage" tests="1" failures="0" timestamp="20 Jul 2017 11:22:03 GMT" time="0.000" errors="0">
  <testcase name="getTitle" time="0.000" classname="com.stta.SuiteOne.GetTitleofHomePage">
    <skipped/>
  </testcase> <!-- getTitle -->
</testsuite> <!-- com.stta.SuiteOne.GetTitleofHomePage -->
